0 info it worked if it ends with ok
1 verbose cli [ '/usr/bin/nodejs', '/usr/local/bin/npm', 'start' ]
2 info using npm@3.10.8
3 info using node@v4.2.6
4 verbose run-script [ 'prestart', 'start', 'poststart' ]
5 info lifecycle editor_temp@1.0.0~prestart: editor_temp@1.0.0
6 silly lifecycle editor_temp@1.0.0~prestart: no script for prestart, continuing
7 info lifecycle editor_temp@1.0.0~start: editor_temp@1.0.0
8 verbose lifecycle editor_temp@1.0.0~start: unsafe-perm in lifecycle true
9 verbose lifecycle editor_temp@1.0.0~start: PATH: /usr/local/lib/node_modules/npm/bin/node-gyp-bin:/home/silvio/workspace/knot-editor-source/node_modules/.bin:~/knot/knot-protocol-source/scr/:/home/silvio/bin:/home/silvio/.local/bin:/usr/local/sbin:/usr/local/bin:/usr/sbin:/usr/bin:/sbin:/bin:/usr/games:/usr/local/games:/snap/bin
10 verbose lifecycle editor_temp@1.0.0~start: CWD: /home/silvio/workspace/knot-editor-source
11 silly lifecycle editor_temp@1.0.0~start: Args: [ '-c', 'node ./bin/www' ]
12 silly lifecycle editor_temp@1.0.0~start: Returned: code: 1  signal: null
13 info lifecycle editor_temp@1.0.0~start: Failed to exec start script
14 verbose stack Error: editor_temp@1.0.0 start: `node ./bin/www`
14 verbose stack Exit status 1
14 verbose stack     at EventEmitter.<anonymous> (/usr/local/lib/node_modules/npm/lib/utils/lifecycle.js:255:16)
14 verbose stack     at emitTwo (events.js:87:13)
14 verbose stack     at EventEmitter.emit (events.js:172:7)
14 verbose stack     at ChildProcess.<anonymous> (/usr/local/lib/node_modules/npm/lib/utils/spawn.js:40:14)
14 verbose stack     at emitTwo (events.js:87:13)
14 verbose stack     at ChildProcess.emit (events.js:172:7)
14 verbose stack     at maybeClose (internal/child_process.js:821:16)
14 verbose stack     at Process.ChildProcess._handle.onexit (internal/child_process.js:211:5)
15 verbose pkgid editor_temp@1.0.0
16 verbose cwd /home/silvio/workspace/knot-editor-source
17 error Linux 4.4.0-51-generic
18 error argv "/usr/bin/nodejs" "/usr/local/bin/npm" "start"
19 error node v4.2.6
20 error npm  v3.10.8
21 error code ELIFECYCLE
22 error editor_temp@1.0.0 start: `node ./bin/www`
22 error Exit status 1
23 error Failed at the editor_temp@1.0.0 start script 'node ./bin/www'.
23 error Make sure you have the latest version of node.js and npm installed.
23 error If you do, this is most likely a problem with the editor_temp package,
23 error not with npm itself.
23 error Tell the author that this fails on your system:
23 error     node ./bin/www
23 error You can get information on how to open an issue for this project with:
23 error     npm bugs editor_temp
23 error Or if that isn't available, you can get their info via:
23 error     npm owner ls editor_temp
23 error There is likely additional logging output above.
24 verbose exit [ 1, true ]
